<?xml version="1.0" encoding="UTF-8"?>
<!-- Generated by org.testng.reporters.JUnitXMLReporter -->
<testsuite hostname="Shift-PC01" name="Surefire test" tests="2" failures="0" timestamp="7 Apr 2018 18:21:06 GMT" time="86.63" errors="0">
  <testcase name="loginFunctionality[0 - Browser - chrome] on loginFunctionality[0 - Browser - chrome](functional.SaksFifthLoginFunctionality)" time="30.186" classname="functional.SaksFifthLoginFunctionality"/>
  <testcase name="loginFunctionality[1 - Browser - cloud_chrome_64] on loginFunctionality[1 - Browser - cloud_chrome_64](functional.SaksFifthLoginFunctionality)" time="56.364" classname="functional.SaksFifthLoginFunctionality"/>
</testsuite> <!-- Surefire test -->
