Feature: Saksfifthavenue login functionality

  Background:                              [90m# src/test/resources/features/LoginFunctionality.feature:2[0m
    [32mGiven [0m[32mNot a validated user[0m             [90m# ApplicationSteps.not_a_validated_user()[0m
    [32mWhen [0m[32muser borwse to the site[0m           [90m# ApplicationSteps.user_borwse_to_the_site()[0m
    [32mThen [0m[32msaksfifthavenue home page display[0m [90m# HomePageSteps.saksfifthavenue_home_page_display()[0m
    [32mAnd [0m[32muser close pop up[0m                  [90m# ApplicationSteps.user_close_pop_up()[0m
    [32mWhen [0m[32mUser click Sign In link[0m           [90m# LoginPageSteps.user_click_Sign_In_link()[0m
    [32mThen [0m[32mBrowser display Sign In page[0m      [90m# LoginPageSteps.browser_display_Sign_In_page()[0m

  Scenario: 1. Valid user with valid password            [90m# src/test/resources/features/LoginFunctionality.feature:11[0m
    [32mWhen [0m[32mUser enter user email as "[0m[32m[1mshoyel1516@gmail.com[0m[32m"[0m [90m# LoginPageSteps.user_enter_user_email_as(String)[0m
    [32mAnd [0m[32mUser enter user password as "[0m[32m[1mAasim0619![0m[32m"[0m         [90m# LoginPageSteps.user_enter_user_password_as(String)[0m
    [32mAnd [0m[32muser click SIGN IN button[0m                        [90m# LoginPageSteps.user_click_SIGN_IN_button()[0m
    [32mThen [0m[32mHome page should display[0m                        [90m# HomePageSteps.home_page_should_display()[0m
    [32mAnd [0m[32mWelcome message display[0m                          [90m# HomePageSteps.welcome_message_display()[0m

  Background:                              [90m# src/test/resources/features/LoginFunctionality.feature:2[0m
    [32mGiven [0m[32mNot a validated user[0m             [90m# ApplicationSteps.not_a_validated_user()[0m
    [32mWhen [0m[32muser borwse to the site[0m           [90m# ApplicationSteps.user_borwse_to_the_site()[0m
    [32mThen [0m[32msaksfifthavenue home page display[0m [90m# HomePageSteps.saksfifthavenue_home_page_display()[0m
    [32mAnd [0m[32muser close pop up[0m                  [90m# ApplicationSteps.user_close_pop_up()[0m
    [32mWhen [0m[32mUser click Sign In link[0m           [90m# LoginPageSteps.user_click_Sign_In_link()[0m
    [32mThen [0m[32mBrowser display Sign In page[0m      [90m# LoginPageSteps.browser_display_Sign_In_page()[0m

  Scenario: 2. Valid user with valid password -Admin   [90m# src/test/resources/features/LoginFunctionality.feature:21[0m
    [32mWhen [0m[32mUser enter user email as "[0m[32m[1mdoverave@yahoo.com[0m[32m"[0m [90m# LoginPageSteps.user_enter_user_email_as(String)[0m
    [32mAnd [0m[32mUser enter user password as "[0m[32m[1mLo0ve101![0m[32m"[0m        [90m# LoginPageSteps.user_enter_user_password_as(String)[0m
    [32mAnd [0m[32muser click SIGN IN button[0m                      [90m# LoginPageSteps.user_click_SIGN_IN_button()[0m
    [32mThen [0m[32mHome page should display[0m                      [90m# HomePageSteps.home_page_should_display()[0m
    [32mAnd [0m[32mWelcome message display[0m                        [90m# HomePageSteps.welcome_message_display()[0m

  Scenario Outline: 3. Valid user with valid password -Data Driven [90m# src/test/resources/features/LoginFunctionality.feature:29[0m
    [36mWhen [0m[36mUser enter user email as "<EmailAddress>"[0m
    [36mAnd [0m[36mUser enter user password as "<Password>"[0m
    [36mAnd [0m[36muser click SIGN IN button[0m
    [36mThen [0m[36mHome page should display[0m
    [36mAnd [0m[36mWelcome message display[0m

    Examples: 

  Background:                              [90m# src/test/resources/features/LoginFunctionality.feature:2[0m
    [32mGiven [0m[32mNot a validated user[0m             [90m# ApplicationSteps.not_a_validated_user()[0m
    [32mWhen [0m[32muser borwse to the site[0m           [90m# ApplicationSteps.user_borwse_to_the_site()[0m
    [32mThen [0m[32msaksfifthavenue home page display[0m [90m# HomePageSteps.saksfifthavenue_home_page_display()[0m
    [32mAnd [0m[32muser close pop up[0m                  [90m# ApplicationSteps.user_close_pop_up()[0m
    [32mWhen [0m[32mUser click Sign In link[0m           [90m# LoginPageSteps.user_click_Sign_In_link()[0m
    [32mThen [0m[32mBrowser display Sign In page[0m      [90m# LoginPageSteps.browser_display_Sign_In_page()[0m

  Scenario Outline: 3. Valid user with valid password -Data Driven [90m# src/test/resources/features/LoginFunctionality.feature:38[0m
    [32mWhen [0m[32mUser enter user email as "[0m[32m[1mdoverave@yahoo.com[0m[32m"[0m             [90m# LoginPageSteps.user_enter_user_email_as(String)[0m
    [32mAnd [0m[32mUser enter user password as "[0m[32m[1mLo0ve101![0m[32m"[0m                    [90m# LoginPageSteps.user_enter_user_password_as(String)[0m
    [32mAnd [0m[32muser click SIGN IN button[0m                                  [90m# LoginPageSteps.user_click_SIGN_IN_button()[0m
    [32mThen [0m[32mHome page should display[0m                                  [90m# HomePageSteps.home_page_should_display()[0m
    [32mAnd [0m[32mWelcome message display[0m                                    [90m# HomePageSteps.welcome_message_display()[0m

  Background:                              [90m# src/test/resources/features/LoginFunctionality.feature:2[0m
    [32mGiven [0m[32mNot a validated user[0m             [90m# ApplicationSteps.not_a_validated_user()[0m
    [32mWhen [0m[32muser borwse to the site[0m           [90m# ApplicationSteps.user_borwse_to_the_site()[0m
    [32mThen [0m[32msaksfifthavenue home page display[0m [90m# HomePageSteps.saksfifthavenue_home_page_display()[0m
    [32mAnd [0m[32muser close pop up[0m                  [90m# ApplicationSteps.user_close_pop_up()[0m
    [32mWhen [0m[32mUser click Sign In link[0m           [90m# LoginPageSteps.user_click_Sign_In_link()[0m
    [32mThen [0m[32mBrowser display Sign In page[0m      [90m# LoginPageSteps.browser_display_Sign_In_page()[0m

  Scenario Outline: 3. Valid user with valid password -Data Driven [90m# src/test/resources/features/LoginFunctionality.feature:39[0m
    [32mWhen [0m[32mUser enter user email as "[0m[32m[1mshoyel1516@gmail.com[0m[32m"[0m           [90m# LoginPageSteps.user_enter_user_email_as(String)[0m
    [32mAnd [0m[32mUser enter user password as "[0m[32m[1mAasim0619![0m[32m"[0m                   [90m# LoginPageSteps.user_enter_user_password_as(String)[0m
    [32mAnd [0m[32muser click SIGN IN button[0m                                  [90m# LoginPageSteps.user_click_SIGN_IN_button()[0m
    [32mThen [0m[32mHome page should display[0m                                  [90m# HomePageSteps.home_page_should_display()[0m
    [32mAnd [0m[32mWelcome message display[0m                                    [90m# HomePageSteps.welcome_message_display()[0m
Feature: Saksfifthavenue shoppingCart Functionality

  Background:                              [90m# src/test/resources/features/ShoppingCartFunctionality.feature:2[0m
    [32mGiven [0m[32mNot a validated user[0m             [90m# ApplicationSteps.not_a_validated_user()[0m
    [32mWhen [0m[32muser borwse to the site[0m           [90m# ApplicationSteps.user_borwse_to_the_site()[0m
    [32mThen [0m[32msaksfifthavenue home page display[0m [90m# HomePageSteps.saksfifthavenue_home_page_display()[0m
    [32mAnd [0m[32muser close pop up[0m                  [90m# ApplicationSteps.user_close_pop_up()[0m
    [32mWhen [0m[32mUser click Sign In link[0m           [90m# LoginPageSteps.user_click_Sign_In_link()[0m
    [32mThen [0m[32mBrowser display Sign In page[0m      [90m# LoginPageSteps.browser_display_Sign_In_page()[0m

  Scenario: 1. Product Selection                         [90m# src/test/resources/features/ShoppingCartFunctionality.feature:10[0m
    [32mWhen [0m[32mUser enter user email as "[0m[32m[1mshoyel1516@gmail.com[0m[32m"[0m [90m# LoginPageSteps.user_enter_user_email_as(String)[0m
    [32mAnd [0m[32mUser enter user password as "[0m[32m[1mAasim0619![0m[32m"[0m         [90m# LoginPageSteps.user_enter_user_password_as(String)[0m
    [32mAnd [0m[32muser click SIGN IN button[0m                        [90m# LoginPageSteps.user_click_SIGN_IN_button()[0m
    [31mThen [0m[31muser select activewear from Men Menu[0m            [90m# IteamChoosePage.user_click_on_Men_Tabs()[0m
      [31morg.openqa.selenium.NoSuchElementException: no such element: Unable to locate element: {"method":"xpath","selector":"//a[contains(@href, '/Men/Apparel/Activewear')]"}
        (Session info: chrome=68.0.3440.106)
        (Driver info: chromedriver=2.41.578737 (49da6702b16031c40d63e5618de03a32ff6c197e),platform=Windows NT 6.1.7601 SP1 x86_64) (WARNING: The server did not provide any stacktrace information)
      Command duration or timeout: 0 milliseconds
      For documentation on this error, please visit: http://seleniumhq.org/exceptions/no_such_element.html
      Build info: version: '3.8.1', revision: '6e95a6684b', time: '2017-12-01T18:33:54.468Z'
      System info: host: 'SHIFT-PC01', ip: '192.168.1.158', os.name: 'Windows 7', os.arch: 'amd64', os.version: '6.1', java.version: '9.0.4'
      Driver info: org.openqa.selenium.chrome.ChromeDriver
      Capabilities {acceptInsecureCerts: false, acceptSslCerts: false, applicationCacheEnabled: false, browserConnectionEnabled: false, browserName: chrome, chrome: {chromedriverVersion: 2.41.578737 (49da6702b16031..., userDataDir: C:\Users\SHIFTS~1\AppData\L...}, cssSelectorsEnabled: true, databaseEnabled: false, goog:chromeOptions: {debuggerAddress: localhost:50161}, handlesAlerts: true, hasTouchScreen: false, javascriptEnabled: true, locationContextEnabled: true, mobileEmulationEnabled: false, nativeEvents: true, networkConnectionEnabled: false, pageLoadStrategy: normal, platform: XP, platformName: XP, rotatable: false, setWindowRect: true, takesHeapSnapshot: true, takesScreenshot: true, unexpectedAlertBehaviour: , unhandledPromptBehavior: , version: 68.0.3440.106, webStorageEnabled: true}
      Session ID: 3e8483c1abb0228e4eae9bab9ce4c5ac
      *** Element info: {Using=xpath, value=//a[contains(@href, '/Men/Apparel/Activewear')]}
      	at java.base/jdk.internal.reflect.NativeConstructorAccessorImpl.newInstance0(Native Method)
      	at java.base/jdk.internal.reflect.NativeConstructorAccessorImpl.newInstance(Unknown Source)
      	at java.base/jdk.internal.reflect.DelegatingConstructorAccessorImpl.newInstance(Unknown Source)
      	at java.base/java.lang.reflect.Constructor.newInstance(Unknown Source)
      	at org.openqa.selenium.remote.ErrorHandler.createThrowable(ErrorHandler.java:214)
      	at org.openqa.selenium.remote.ErrorHandler.throwIfResponseFailed(ErrorHandler.java:166)
      	at org.openqa.selenium.remote.http.JsonHttpResponseCodec.reconstructValue(JsonHttpResponseCodec.java:40)
      	at org.openqa.selenium.remote.http.AbstractHttpResponseCodec.decode(AbstractHttpResponseCodec.java:80)
      	at org.openqa.selenium.remote.http.AbstractHttpResponseCodec.decode(AbstractHttpResponseCodec.java:44)
      	at org.openqa.selenium.remote.HttpCommandExecutor.execute(HttpCommandExecutor.java:164)
      	at org.openqa.selenium.remote.service.DriverCommandExecutor.execute(DriverCommandExecutor.java:83)
      	at org.openqa.selenium.remote.RemoteWebDriver.execute(RemoteWebDriver.java:601)
      	at org.openqa.selenium.remote.RemoteWebDriver.findElement(RemoteWebDriver.java:371)
      	at org.openqa.selenium.remote.RemoteWebDriver.findElementByXPath(RemoteWebDriver.java:473)
      	at org.openqa.selenium.By$ByXPath.findElement(By.java:361)
      	at org.openqa.selenium.remote.RemoteWebDriver.findElement(RemoteWebDriver.java:363)
      	at com.saksfifthave.qa.framework.utils.pageObjectModel.ShoppingCartPage.customerSelectActivewear(ShoppingCartPage.java:17)
      	at com.saksfifthave.qa.framework.utils.steps.IteamChoosePage.user_click_on_Men_Tabs(IteamChoosePage.java:23)
      	at âœ½.Then user select activewear from Men Menu(src/test/resources/features/ShoppingCartFunctionality.feature:14)
      [0m
    [36mThen [0m[36muser choose lacoste[0m                             [90m# IteamChoosePage.user_choose_lacoste()[0m
    #Then Verify the error message if user does not select color or size
    [36mAnd [0m[36muser choose small size[0m                           [90m# IteamChoosePage.user_choose_medium_size()[0m
    [36mThen [0m[36muser click on add to bag[0m                        [90m# IteamChoosePage.user_click_on_add_to_bag()[0m

  Background:                              [90m# src/test/resources/features/ShoppingCartFunctionality.feature:2[0m
    [32mGiven [0m[32mNot a validated user[0m             [90m# ApplicationSteps.not_a_validated_user()[0m
    [32mWhen [0m[32muser borwse to the site[0m           [90m# ApplicationSteps.user_borwse_to_the_site()[0m
    [32mThen [0m[32msaksfifthavenue home page display[0m [90m# HomePageSteps.saksfifthavenue_home_page_display()[0m
    [32mAnd [0m[32muser close pop up[0m                  [90m# ApplicationSteps.user_close_pop_up()[0m
    [32mWhen [0m[32mUser click Sign In link[0m           [90m# LoginPageSteps.user_click_Sign_In_link()[0m
    [32mThen [0m[32mBrowser display Sign In page[0m      [90m# LoginPageSteps.browser_display_Sign_In_page()[0m

  Scenario: 2. Adding product to the cart                  [90m# src/test/resources/features/ShoppingCartFunctionality.feature:21[0m
    [32mWhen [0m[32mUser enter user email as "[0m[32m[1mshoyel1516@gmail.com[0m[32m"[0m   [90m# LoginPageSteps.user_enter_user_email_as(String)[0m
    [32mAnd [0m[32mUser enter user password as "[0m[32m[1mAasim0619![0m[32m"[0m           [90m# LoginPageSteps.user_enter_user_password_as(String)[0m
    [32mAnd [0m[32muser click SIGN IN button[0m                          [90m# LoginPageSteps.user_click_SIGN_IN_button()[0m
    [31mThen [0m[31muser select activewear from Men Menu[0m              [90m# IteamChoosePage.user_click_on_Men_Tabs()[0m
      [31morg.openqa.selenium.NoSuchElementException: no such element: Unable to locate element: {"method":"xpath","selector":"//a[contains(@href, '/Men/Apparel/Activewear')]"}
        (Session info: chrome=68.0.3440.106)
        (Driver info: chromedriver=2.41.578737 (49da6702b16031c40d63e5618de03a32ff6c197e),platform=Windows NT 6.1.7601 SP1 x86_64) (WARNING: The server did not provide any stacktrace information)
      Command duration or timeout: 0 milliseconds
      For documentation on this error, please visit: http://seleniumhq.org/exceptions/no_such_element.html
      Build info: version: '3.8.1', revision: '6e95a6684b', time: '2017-12-01T18:33:54.468Z'
      System info: host: 'SHIFT-PC01', ip: '192.168.1.158', os.name: 'Windows 7', os.arch: 'amd64', os.version: '6.1', java.version: '9.0.4'
      Driver info: org.openqa.selenium.chrome.ChromeDriver
      Capabilities {acceptInsecureCerts: false, acceptSslCerts: false, applicationCacheEnabled: false, browserConnectionEnabled: false, browserName: chrome, chrome: {chromedriverVersion: 2.41.578737 (49da6702b16031..., userDataDir: C:\Users\SHIFTS~1\AppData\L...}, cssSelectorsEnabled: true, databaseEnabled: false, goog:chromeOptions: {debuggerAddress: localhost:50366}, handlesAlerts: true, hasTouchScreen: false, javascriptEnabled: true, locationContextEnabled: true, mobileEmulationEnabled: false, nativeEvents: true, networkConnectionEnabled: false, pageLoadStrategy: normal, platform: XP, platformName: XP, rotatable: false, setWindowRect: true, takesHeapSnapshot: true, takesScreenshot: true, unexpectedAlertBehaviour: , unhandledPromptBehavior: , version: 68.0.3440.106, webStorageEnabled: true}
      Session ID: a00d57ec72663312213a26bc6361c77e
      *** Element info: {Using=xpath, value=//a[contains(@href, '/Men/Apparel/Activewear')]}
      	at java.base/jdk.internal.reflect.NativeConstructorAccessorImpl.newInstance0(Native Method)
      	at java.base/jdk.internal.reflect.NativeConstructorAccessorImpl.newInstance(Unknown Source)
      	at java.base/jdk.internal.reflect.DelegatingConstructorAccessorImpl.newInstance(Unknown Source)
      	at java.base/java.lang.reflect.Constructor.newInstance(Unknown Source)
      	at org.openqa.selenium.remote.ErrorHandler.createThrowable(ErrorHandler.java:214)
      	at org.openqa.selenium.remote.ErrorHandler.throwIfResponseFailed(ErrorHandler.java:166)
      	at org.openqa.selenium.remote.http.JsonHttpResponseCodec.reconstructValue(JsonHttpResponseCodec.java:40)
      	at org.openqa.selenium.remote.http.AbstractHttpResponseCodec.decode(AbstractHttpResponseCodec.java:80)
      	at org.openqa.selenium.remote.http.AbstractHttpResponseCodec.decode(AbstractHttpResponseCodec.java:44)
      	at org.openqa.selenium.remote.HttpCommandExecutor.execute(HttpCommandExecutor.java:164)
      	at org.openqa.selenium.remote.service.DriverCommandExecutor.execute(DriverCommandExecutor.java:83)
      	at org.openqa.selenium.remote.RemoteWebDriver.execute(RemoteWebDriver.java:601)
      	at org.openqa.selenium.remote.RemoteWebDriver.findElement(RemoteWebDriver.java:371)
      	at org.openqa.selenium.remote.RemoteWebDriver.findElementByXPath(RemoteWebDriver.java:473)
      	at org.openqa.selenium.By$ByXPath.findElement(By.java:361)
      	at org.openqa.selenium.remote.RemoteWebDriver.findElement(RemoteWebDriver.java:363)
      	at com.saksfifthave.qa.framework.utils.pageObjectModel.ShoppingCartPage.customerSelectActivewear(ShoppingCartPage.java:17)
      	at com.saksfifthave.qa.framework.utils.steps.IteamChoosePage.user_click_on_Men_Tabs(IteamChoosePage.java:23)
      	at âœ½.Then user select activewear from Men Menu(src/test/resources/features/ShoppingCartFunctionality.feature:25)
      [0m
    [36mThen [0m[36muser choose lacoste[0m                               [90m# IteamChoosePage.user_choose_lacoste()[0m
    #Then Verify the error message if user does not select color or size
    [36mAnd [0m[36muser choose small size[0m                             [90m# IteamChoosePage.user_choose_medium_size()[0m
    [36mThen [0m[36muser click on add to bag[0m                          [90m# IteamChoosePage.user_click_on_add_to_bag()[0m
    [36mThen [0m[36mverify that user is in checkout page[0m              [90m# IteamChoosePage.verify_that_user_is_in_checkout_page()[0m
    [36mThen [0m[36muser should click on checkout[0m                     [90m# IteamChoosePage.user_should_click_on_checkout()[0m
    [36mWhen [0m[36mVerify whether user are able to add items to cart[0m [90m# IteamChoosePage.verify_whether_user_are_able_to_add_items_to_cart()[0m
    [36mThen [0m[36mcheck for edit delet or save option[0m               [90m# IteamChoosePage.check_for_edit_delet_or_save_option()[0m
    [36mThen [0m[36mshopping cart should contain price of the product[0m [90m# IteamChoosePage.shopping_cart_should_contain_price_of_the_product()[0m
