<?xml version="1.0" encoding="UTF-8" standalone="no"?>
<testsuite failures="2" name="cucumber.runtime.formatter.JUnitFormatter" skipped="0" tests="6" time="172.576005">
    <testcase classname="Saksfifthavenue login functionality" name="1. Valid user with valid password" time="31.310484">
        <system-out>
            <![CDATA[Given Not a validated user..................................................passed
When user borwse to the site................................................passed
Then saksfifthavenue home page display......................................passed
And user close pop up.......................................................passed
When User click Sign In link................................................passed
Then Browser display Sign In page...........................................passed
When User enter user email as "shoyel1516@gmail.com"........................passed
And User enter user password as "Aasim0619!"................................passed
And user click SIGN IN button...............................................passed
Then Home page should display...............................................passed
And Welcome message display.................................................passed
]]>
        </system-out>
    </testcase>
    <testcase classname="Saksfifthavenue login functionality" name="2. Valid user with valid password -Admin" time="29.231274">
        <system-out>
            <![CDATA[Given Not a validated user..................................................passed
When user borwse to the site................................................passed
Then saksfifthavenue home page display......................................passed
And user close pop up.......................................................passed
When User click Sign In link................................................passed
Then Browser display Sign In page...........................................passed
When User enter user email as "doverave@yahoo.com"..........................passed
And User enter user password as "Lo0ve101!".................................passed
And user click SIGN IN button...............................................passed
Then Home page should display...............................................passed
And Welcome message display.................................................passed
]]>
        </system-out>
    </testcase>
    <testcase classname="Saksfifthavenue login functionality" name="3. Valid user with valid password -Data Driven" time="28.886744">
        <system-out>
            <![CDATA[Given Not a validated user..................................................passed
When user borwse to the site................................................passed
Then saksfifthavenue home page display......................................passed
And user close pop up.......................................................passed
When User click Sign In link................................................passed
Then Browser display Sign In page...........................................passed
When User enter user email as "doverave@yahoo.com"..........................passed
And User enter user password as "Lo0ve101!".................................passed
And user click SIGN IN button...............................................passed
Then Home page should display...............................................passed
And Welcome message display.................................................passed
]]>
        </system-out>
    </testcase>
    <testcase classname="Saksfifthavenue login functionality" name="3. Valid user with valid password -Data Driven 2" time="29.826685">
        <system-out>
            <![CDATA[Given Not a validated user..................................................passed
When user borwse to the site................................................passed
Then saksfifthavenue home page display......................................passed
And user close pop up.......................................................passed
When User click Sign In link................................................passed
Then Browser display Sign In page...........................................passed
When User enter user email as "shoyel1516@gmail.com"........................passed
And User enter user password as "Aasim0619!"................................passed
And user click SIGN IN button...............................................passed
Then Home page should display...............................................passed
And Welcome message display.................................................passed
]]>
        </system-out>
    </testcase>
    <testcase classname="Saksfifthavenue shoppingCart Functionality" name="1. Product Selection" time="26.601522">
        <failure message="org.openqa.selenium.NoSuchElementException: no such element: Unable to locate element: {&quot;method&quot;:&quot;xpath&quot;,&quot;selector&quot;:&quot;//a[contains(@href, '/Men/Apparel/Activewear')]&quot;}&#10;  (Session info: chrome=68.0.3440.106)&#10;  (Driver info: chromedriver=2.41.578737 (49da6702b16031c40d63e5618de03a32ff6c197e),platform=Windows NT 6.1.7601 SP1 x86_64) (WARNING: The server did not provide any stacktrace information)&#10;Command duration or timeout: 0 milliseconds&#10;For documentation on this error, please visit: http://seleniumhq.org/exceptions/no_such_element.html&#10;Build info: version: '3.8.1', revision: '6e95a6684b', time: '2017-12-01T18:33:54.468Z'&#10;System info: host: 'SHIFT-PC01', ip: '192.168.1.158', os.name: 'Windows 7', os.arch: 'amd64', os.version: '6.1', java.version: '9.0.4'&#10;Driver info: org.openqa.selenium.chrome.ChromeDriver&#10;Capabilities {acceptInsecureCerts: false, acceptSslCerts: false, applicationCacheEnabled: false, browserConnectionEnabled: false, browserName: chrome, chrome: {chromedriverVersion: 2.41.578737 (49da6702b16031..., userDataDir: C:\Users\SHIFTS~1\AppData\L...}, cssSelectorsEnabled: true, databaseEnabled: false, goog:chromeOptions: {debuggerAddress: localhost:50161}, handlesAlerts: true, hasTouchScreen: false, javascriptEnabled: true, locationContextEnabled: true, mobileEmulationEnabled: false, nativeEvents: true, networkConnectionEnabled: false, pageLoadStrategy: normal, platform: XP, platformName: XP, rotatable: false, setWindowRect: true, takesHeapSnapshot: true, takesScreenshot: true, unexpectedAlertBehaviour: , unhandledPromptBehavior: , version: 68.0.3440.106, webStorageEnabled: true}&#10;Session ID: 3e8483c1abb0228e4eae9bab9ce4c5ac&#10;*** Element info: {Using=xpath, value=//a[contains(@href, '/Men/Apparel/Activewear')]}&#13;&#10;&#9;at java.base/jdk.internal.reflect.NativeConstructorAccessorImpl.newInstance0(Native Method)&#13;&#10;&#9;at java.base/jdk.internal.reflect.NativeConstructorAccessorImpl.newInstance(Unknown Source)&#13;&#10;&#9;at java.base/jdk.internal.reflect.DelegatingConstructorAccessorImpl.newInstance(Unknown Source)&#13;&#10;&#9;at java.base/java.lang.reflect.Constructor.newInstance(Unknown Source)&#13;&#10;&#9;at org.openqa.selenium.remote.ErrorHandler.createThrowable(ErrorHandler.java:214)&#13;&#10;&#9;at org.openqa.selenium.remote.ErrorHandler.throwIfResponseFailed(ErrorHandler.java:166)&#13;&#10;&#9;at org.openqa.selenium.remote.http.JsonHttpResponseCodec.reconstructValue(JsonHttpResponseCodec.java:40)&#13;&#10;&#9;at org.openqa.selenium.remote.http.AbstractHttpResponseCodec.decode(AbstractHttpResponseCodec.java:80)&#13;&#10;&#9;at org.openqa.selenium.remote.http.AbstractHttpResponseCodec.decode(AbstractHttpResponseCodec.java:44)&#13;&#10;&#9;at org.openqa.selenium.remote.HttpCommandExecutor.execute(HttpCommandExecutor.java:164)&#13;&#10;&#9;at org.openqa.selenium.remote.service.DriverCommandExecutor.execute(DriverCommandExecutor.java:83)&#13;&#10;&#9;at org.openqa.selenium.remote.RemoteWebDriver.execute(RemoteWebDriver.java:601)&#13;&#10;&#9;at org.openqa.selenium.remote.RemoteWebDriver.findElement(RemoteWebDriver.java:371)&#13;&#10;&#9;at org.openqa.selenium.remote.RemoteWebDriver.findElementByXPath(RemoteWebDriver.java:473)&#13;&#10;&#9;at org.openqa.selenium.By$ByXPath.findElement(By.java:361)&#13;&#10;&#9;at org.openqa.selenium.remote.RemoteWebDriver.findElement(RemoteWebDriver.java:363)&#13;&#10;&#9;at com.saksfifthave.qa.framework.utils.pageObjectModel.ShoppingCartPage.customerSelectActivewear(ShoppingCartPage.java:17)&#13;&#10;&#9;at com.saksfifthave.qa.framework.utils.steps.IteamChoosePage.user_click_on_Men_Tabs(IteamChoosePage.java:23)&#13;&#10;&#9;at ✽.Then user select activewear from Men Menu(src/test/resources/features/ShoppingCartFunctionality.feature:14)&#13;&#10;">
            <![CDATA[Given Not a validated user..................................................passed
When user borwse to the site................................................passed
Then saksfifthavenue home page display......................................passed
And user close pop up.......................................................passed
When User click Sign In link................................................passed
Then Browser display Sign In page...........................................passed
When User enter user email as "shoyel1516@gmail.com"........................passed
And User enter user password as "Aasim0619!"................................passed
And user click SIGN IN button...............................................passed
Then user select activewear from Men Menu...................................failed
Then user choose lacoste....................................................skipped
And user choose small size..................................................skipped
Then user click on add to bag...............................................skipped

StackTrace:
org.openqa.selenium.NoSuchElementException: no such element: Unable to locate element: {"method":"xpath","selector":"//a[contains(@href, '/Men/Apparel/Activewear')]"}
  (Session info: chrome=68.0.3440.106)
  (Driver info: chromedriver=2.41.578737 (49da6702b16031c40d63e5618de03a32ff6c197e),platform=Windows NT 6.1.7601 SP1 x86_64) (WARNING: The server did not provide any stacktrace information)
Command duration or timeout: 0 milliseconds
For documentation on this error, please visit: http://seleniumhq.org/exceptions/no_such_element.html
Build info: version: '3.8.1', revision: '6e95a6684b', time: '2017-12-01T18:33:54.468Z'
System info: host: 'SHIFT-PC01', ip: '192.168.1.158', os.name: 'Windows 7', os.arch: 'amd64', os.version: '6.1', java.version: '9.0.4'
Driver info: org.openqa.selenium.chrome.ChromeDriver
Capabilities {acceptInsecureCerts: false, acceptSslCerts: false, applicationCacheEnabled: false, browserConnectionEnabled: false, browserName: chrome, chrome: {chromedriverVersion: 2.41.578737 (49da6702b16031..., userDataDir: C:\Users\SHIFTS~1\AppData\L...}, cssSelectorsEnabled: true, databaseEnabled: false, goog:chromeOptions: {debuggerAddress: localhost:50161}, handlesAlerts: true, hasTouchScreen: false, javascriptEnabled: true, locationContextEnabled: true, mobileEmulationEnabled: false, nativeEvents: true, networkConnectionEnabled: false, pageLoadStrategy: normal, platform: XP, platformName: XP, rotatable: false, setWindowRect: true, takesHeapSnapshot: true, takesScreenshot: true, unexpectedAlertBehaviour: , unhandledPromptBehavior: , version: 68.0.3440.106, webStorageEnabled: true}
Session ID: 3e8483c1abb0228e4eae9bab9ce4c5ac
*** Element info: {Using=xpath, value=//a[contains(@href, '/Men/Apparel/Activewear')]}
	at java.base/jdk.internal.reflect.NativeConstructorAccessorImpl.newInstance0(Native Method)
	at java.base/jdk.internal.reflect.NativeConstructorAccessorImpl.newInstance(Unknown Source)
	at java.base/jdk.internal.reflect.DelegatingConstructorAccessorImpl.newInstance(Unknown Source)
	at java.base/java.lang.reflect.Constructor.newInstance(Unknown Source)
	at org.openqa.selenium.remote.ErrorHandler.createThrowable(ErrorHandler.java:214)
	at org.openqa.selenium.remote.ErrorHandler.throwIfResponseFailed(ErrorHandler.java:166)
	at org.openqa.selenium.remote.http.JsonHttpResponseCodec.reconstructValue(JsonHttpResponseCodec.java:40)
	at org.openqa.selenium.remote.http.AbstractHttpResponseCodec.decode(AbstractHttpResponseCodec.java:80)
	at org.openqa.selenium.remote.http.AbstractHttpResponseCodec.decode(AbstractHttpResponseCodec.java:44)
	at org.openqa.selenium.remote.HttpCommandExecutor.execute(HttpCommandExecutor.java:164)
	at org.openqa.selenium.remote.service.DriverCommandExecutor.execute(DriverCommandExecutor.java:83)
	at org.openqa.selenium.remote.RemoteWebDriver.execute(RemoteWebDriver.java:601)
	at org.openqa.selenium.remote.RemoteWebDriver.findElement(RemoteWebDriver.java:371)
	at org.openqa.selenium.remote.RemoteWebDriver.findElementByXPath(RemoteWebDriver.java:473)
	at org.openqa.selenium.By$ByXPath.findElement(By.java:361)
	at org.openqa.selenium.remote.RemoteWebDriver.findElement(RemoteWebDriver.java:363)
	at com.saksfifthave.qa.framework.utils.pageObjectModel.ShoppingCartPage.customerSelectActivewear(ShoppingCartPage.java:17)
	at com.saksfifthave.qa.framework.utils.steps.IteamChoosePage.user_click_on_Men_Tabs(IteamChoosePage.java:23)
	at ✽.Then user select activewear from Men Menu(src/test/resources/features/ShoppingCartFunctionality.feature:14)
]]>
        </failure>
    </testcase>
    <testcase classname="Saksfifthavenue shoppingCart Functionality" name="2. Adding product to the cart" time="26.719296">
        <failure message="org.openqa.selenium.NoSuchElementException: no such element: Unable to locate element: {&quot;method&quot;:&quot;xpath&quot;,&quot;selector&quot;:&quot;//a[contains(@href, '/Men/Apparel/Activewear')]&quot;}&#10;  (Session info: chrome=68.0.3440.106)&#10;  (Driver info: chromedriver=2.41.578737 (49da6702b16031c40d63e5618de03a32ff6c197e),platform=Windows NT 6.1.7601 SP1 x86_64) (WARNING: The server did not provide any stacktrace information)&#10;Command duration or timeout: 0 milliseconds&#10;For documentation on this error, please visit: http://seleniumhq.org/exceptions/no_such_element.html&#10;Build info: version: '3.8.1', revision: '6e95a6684b', time: '2017-12-01T18:33:54.468Z'&#10;System info: host: 'SHIFT-PC01', ip: '192.168.1.158', os.name: 'Windows 7', os.arch: 'amd64', os.version: '6.1', java.version: '9.0.4'&#10;Driver info: org.openqa.selenium.chrome.ChromeDriver&#10;Capabilities {acceptInsecureCerts: false, acceptSslCerts: false, applicationCacheEnabled: false, browserConnectionEnabled: false, browserName: chrome, chrome: {chromedriverVersion: 2.41.578737 (49da6702b16031..., userDataDir: C:\Users\SHIFTS~1\AppData\L...}, cssSelectorsEnabled: true, databaseEnabled: false, goog:chromeOptions: {debuggerAddress: localhost:50366}, handlesAlerts: true, hasTouchScreen: false, javascriptEnabled: true, locationContextEnabled: true, mobileEmulationEnabled: false, nativeEvents: true, networkConnectionEnabled: false, pageLoadStrategy: normal, platform: XP, platformName: XP, rotatable: false, setWindowRect: true, takesHeapSnapshot: true, takesScreenshot: true, unexpectedAlertBehaviour: , unhandledPromptBehavior: , version: 68.0.3440.106, webStorageEnabled: true}&#10;Session ID: a00d57ec72663312213a26bc6361c77e&#10;*** Element info: {Using=xpath, value=//a[contains(@href, '/Men/Apparel/Activewear')]}&#13;&#10;&#9;at java.base/jdk.internal.reflect.NativeConstructorAccessorImpl.newInstance0(Native Method)&#13;&#10;&#9;at java.base/jdk.internal.reflect.NativeConstructorAccessorImpl.newInstance(Unknown Source)&#13;&#10;&#9;at java.base/jdk.internal.reflect.DelegatingConstructorAccessorImpl.newInstance(Unknown Source)&#13;&#10;&#9;at java.base/java.lang.reflect.Constructor.newInstance(Unknown Source)&#13;&#10;&#9;at org.openqa.selenium.remote.ErrorHandler.createThrowable(ErrorHandler.java:214)&#13;&#10;&#9;at org.openqa.selenium.remote.ErrorHandler.throwIfResponseFailed(ErrorHandler.java:166)&#13;&#10;&#9;at org.openqa.selenium.remote.http.JsonHttpResponseCodec.reconstructValue(JsonHttpResponseCodec.java:40)&#13;&#10;&#9;at org.openqa.selenium.remote.http.AbstractHttpResponseCodec.decode(AbstractHttpResponseCodec.java:80)&#13;&#10;&#9;at org.openqa.selenium.remote.http.AbstractHttpResponseCodec.decode(AbstractHttpResponseCodec.java:44)&#13;&#10;&#9;at org.openqa.selenium.remote.HttpCommandExecutor.execute(HttpCommandExecutor.java:164)&#13;&#10;&#9;at org.openqa.selenium.remote.service.DriverCommandExecutor.execute(DriverCommandExecutor.java:83)&#13;&#10;&#9;at org.openqa.selenium.remote.RemoteWebDriver.execute(RemoteWebDriver.java:601)&#13;&#10;&#9;at org.openqa.selenium.remote.RemoteWebDriver.findElement(RemoteWebDriver.java:371)&#13;&#10;&#9;at org.openqa.selenium.remote.RemoteWebDriver.findElementByXPath(RemoteWebDriver.java:473)&#13;&#10;&#9;at org.openqa.selenium.By$ByXPath.findElement(By.java:361)&#13;&#10;&#9;at org.openqa.selenium.remote.RemoteWebDriver.findElement(RemoteWebDriver.java:363)&#13;&#10;&#9;at com.saksfifthave.qa.framework.utils.pageObjectModel.ShoppingCartPage.customerSelectActivewear(ShoppingCartPage.java:17)&#13;&#10;&#9;at com.saksfifthave.qa.framework.utils.steps.IteamChoosePage.user_click_on_Men_Tabs(IteamChoosePage.java:23)&#13;&#10;&#9;at ✽.Then user select activewear from Men Menu(src/test/resources/features/ShoppingCartFunctionality.feature:25)&#13;&#10;">
            <![CDATA[Given Not a validated user..................................................passed
When user borwse to the site................................................passed
Then saksfifthavenue home page display......................................passed
And user close pop up.......................................................passed
When User click Sign In link................................................passed
Then Browser display Sign In page...........................................passed
When User enter user email as "shoyel1516@gmail.com"........................passed
And User enter user password as "Aasim0619!"................................passed
And user click SIGN IN button...............................................passed
Then user select activewear from Men Menu...................................failed
Then user choose lacoste....................................................skipped
And user choose small size..................................................skipped
Then user click on add to bag...............................................skipped
Then verify that user is in checkout page...................................skipped
Then user should click on checkout..........................................skipped
When Verify whether user are able to add items to cart......................skipped
Then check for edit delet or save option....................................skipped
Then shopping cart should contain price of the product......................skipped

StackTrace:
org.openqa.selenium.NoSuchElementException: no such element: Unable to locate element: {"method":"xpath","selector":"//a[contains(@href, '/Men/Apparel/Activewear')]"}
  (Session info: chrome=68.0.3440.106)
  (Driver info: chromedriver=2.41.578737 (49da6702b16031c40d63e5618de03a32ff6c197e),platform=Windows NT 6.1.7601 SP1 x86_64) (WARNING: The server did not provide any stacktrace information)
Command duration or timeout: 0 milliseconds
For documentation on this error, please visit: http://seleniumhq.org/exceptions/no_such_element.html
Build info: version: '3.8.1', revision: '6e95a6684b', time: '2017-12-01T18:33:54.468Z'
System info: host: 'SHIFT-PC01', ip: '192.168.1.158', os.name: 'Windows 7', os.arch: 'amd64', os.version: '6.1', java.version: '9.0.4'
Driver info: org.openqa.selenium.chrome.ChromeDriver
Capabilities {acceptInsecureCerts: false, acceptSslCerts: false, applicationCacheEnabled: false, browserConnectionEnabled: false, browserName: chrome, chrome: {chromedriverVersion: 2.41.578737 (49da6702b16031..., userDataDir: C:\Users\SHIFTS~1\AppData\L...}, cssSelectorsEnabled: true, databaseEnabled: false, goog:chromeOptions: {debuggerAddress: localhost:50366}, handlesAlerts: true, hasTouchScreen: false, javascriptEnabled: true, locationContextEnabled: true, mobileEmulationEnabled: false, nativeEvents: true, networkConnectionEnabled: false, pageLoadStrategy: normal, platform: XP, platformName: XP, rotatable: false, setWindowRect: true, takesHeapSnapshot: true, takesScreenshot: true, unexpectedAlertBehaviour: , unhandledPromptBehavior: , version: 68.0.3440.106, webStorageEnabled: true}
Session ID: a00d57ec72663312213a26bc6361c77e
*** Element info: {Using=xpath, value=//a[contains(@href, '/Men/Apparel/Activewear')]}
	at java.base/jdk.internal.reflect.NativeConstructorAccessorImpl.newInstance0(Native Method)
	at java.base/jdk.internal.reflect.NativeConstructorAccessorImpl.newInstance(Unknown Source)
	at java.base/jdk.internal.reflect.DelegatingConstructorAccessorImpl.newInstance(Unknown Source)
	at java.base/java.lang.reflect.Constructor.newInstance(Unknown Source)
	at org.openqa.selenium.remote.ErrorHandler.createThrowable(ErrorHandler.java:214)
	at org.openqa.selenium.remote.ErrorHandler.throwIfResponseFailed(ErrorHandler.java:166)
	at org.openqa.selenium.remote.http.JsonHttpResponseCodec.reconstructValue(JsonHttpResponseCodec.java:40)
	at org.openqa.selenium.remote.http.AbstractHttpResponseCodec.decode(AbstractHttpResponseCodec.java:80)
	at org.openqa.selenium.remote.http.AbstractHttpResponseCodec.decode(AbstractHttpResponseCodec.java:44)
	at org.openqa.selenium.remote.HttpCommandExecutor.execute(HttpCommandExecutor.java:164)
	at org.openqa.selenium.remote.service.DriverCommandExecutor.execute(DriverCommandExecutor.java:83)
	at org.openqa.selenium.remote.RemoteWebDriver.execute(RemoteWebDriver.java:601)
	at org.openqa.selenium.remote.RemoteWebDriver.findElement(RemoteWebDriver.java:371)
	at org.openqa.selenium.remote.RemoteWebDriver.findElementByXPath(RemoteWebDriver.java:473)
	at org.openqa.selenium.By$ByXPath.findElement(By.java:361)
	at org.openqa.selenium.remote.RemoteWebDriver.findElement(RemoteWebDriver.java:363)
	at com.saksfifthave.qa.framework.utils.pageObjectModel.ShoppingCartPage.customerSelectActivewear(ShoppingCartPage.java:17)
	at com.saksfifthave.qa.framework.utils.steps.IteamChoosePage.user_click_on_Men_Tabs(IteamChoosePage.java:23)
	at ✽.Then user select activewear from Men Menu(src/test/resources/features/ShoppingCartFunctionality.feature:25)
]]>
        </failure>
    </testcase>
</testsuite>
