<?xml version="1.0" encoding="UTF-8" standalone="no"?>
<testsuite failures="2" name="cucumber.runtime.formatter.JUnitFormatter" skipped="0" tests="6" time="228.565841">
<testcase classname="Saksfifthavenue login functionality" name="1. Valid user with valid password" time="44.221776">
<system-out><![CDATA[Given Not a validated user..................................................passed
When user borwse to the site................................................passed
Then saksfifthavenue home page display......................................passed
And user close pop up.......................................................passed
When User click Sign In link................................................passed
Then Browser display Sign In page...........................................passed
When User enter user email as "shoyel1516@gmail.com"........................passed
And User enter user password as "Aasim0619!"................................passed
And user click SIGN IN button...............................................passed
Then Home page should display...............................................passed
And Welcome message display.................................................passed
]]></system-out>
</testcase>
<testcase classname="Saksfifthavenue login functionality" name="2. Valid user with valid password -Admin" time="26.22878">
<system-out><![CDATA[Given Not a validated user..................................................passed
When user borwse to the site................................................passed
Then saksfifthavenue home page display......................................passed
And user close pop up.......................................................passed
When User click Sign In link................................................passed
Then Browser display Sign In page...........................................passed
When User enter user email as "doverave@yahoo.com"..........................passed
And User enter user password as "Lo0ve101!".................................passed
And user click SIGN IN button...............................................passed
Then Home page should display...............................................passed
And Welcome message display.................................................passed
]]></system-out>
</testcase>
<testcase classname="Saksfifthavenue login functionality" name="3. Valid user with valid password -Data Driven" time="28.953805">
<system-out><![CDATA[Given Not a validated user..................................................passed
When user borwse to the site................................................passed
Then saksfifthavenue home page display......................................passed
And user close pop up.......................................................passed
When User click Sign In link................................................passed
Then Browser display Sign In page...........................................passed
When User enter user email as "doverave@yahoo.com"..........................passed
And User enter user password as "Lo0ve101!".................................passed
And user click SIGN IN button...............................................passed
Then Home page should display...............................................passed
And Welcome message display.................................................passed
]]></system-out>
</testcase>
<testcase classname="Saksfifthavenue login functionality" name="3. Valid user with valid password -Data Driven 2" time="25.045511">
<system-out><![CDATA[Given Not a validated user..................................................passed
When user borwse to the site................................................passed
Then saksfifthavenue home page display......................................passed
And user close pop up.......................................................passed
When User click Sign In link................................................passed
Then Browser display Sign In page...........................................passed
When User enter user email as "shoyel1516@gmail.com"........................passed
And User enter user password as "Aasim0619!"................................passed
And user click SIGN IN button...............................................passed
Then Home page should display...............................................passed
And Welcome message display.................................................passed
]]></system-out>
</testcase>
<testcase classname="Saksfifthavenue shoppingCart Functionality" name="1. Product Selection" time="64.189088">
<failure message="org.openqa.selenium.NoSuchElementException: no such element: Unable to locate element: {&quot;method&quot;:&quot;xpath&quot;,&quot;selector&quot;:&quot;//button[@data-reactid='64']&quot;}&#10;  (Session info: chrome=65.0.3325.181)&#10;  (Driver info: chromedriver=2.37.543627 (63642262d9fb93fb4ab52398be4286d844092a5e),platform=Windows NT 6.1.7601 SP1 x86_64) (WARNING: The server did not provide any stacktrace information)&#10;Command duration or timeout: 0 milliseconds&#10;For documentation on this error, please visit: http://seleniumhq.org/exceptions/no_such_element.html&#10;Build info: version: '3.8.1', revision: '6e95a6684b', time: '2017-12-01T18:33:54.468Z'&#10;System info: host: 'SHIFT-PC01', ip: '192.168.1.9', os.name: 'Windows 7', os.arch: 'amd64', os.version: '6.1', java.version: '1.8.0_131'&#10;Driver info: org.openqa.selenium.chrome.ChromeDriver&#10;Capabilities {acceptInsecureCerts: false, acceptSslCerts: false, applicationCacheEnabled: false, browserConnectionEnabled: false, browserName: chrome, chrome: {chromedriverVersion: 2.37.543627 (63642262d9fb93..., userDataDir: C:\Users\SHIFTS~1\AppData\L...}, cssSelectorsEnabled: true, databaseEnabled: false, handlesAlerts: true, hasTouchScreen: false, javascriptEnabled: true, locationContextEnabled: true, mobileEmulationEnabled: false, nativeEvents: true, networkConnectionEnabled: false, pageLoadStrategy: normal, platform: XP, platformName: XP, rotatable: false, setWindowRect: true, takesHeapSnapshot: true, takesScreenshot: true, unexpectedAlertBehaviour: , unhandledPromptBehavior: , version: 65.0.3325.181, webStorageEnabled: true}&#10;Session ID: 036e4c47d0a7ae3bb9a795dc944ff80b&#10;*** Element info: {Using=xpath, value=//button[@data-reactid='64']}&#13;&#10;&#9;at sun.reflect.NativeConstructorAccessorImpl.newInstance0(Native Method)&#13;&#10;&#9;at sun.reflect.NativeConstructorAccessorImpl.newInstance(NativeConstructorAccessorImpl.java:62)&#13;&#10;&#9;at sun.reflect.DelegatingConstructorAccessorImpl.newInstance(DelegatingConstructorAccessorImpl.java:45)&#13;&#10;&#9;at java.lang.reflect.Constructor.newInstance(Constructor.java:423)&#13;&#10;&#9;at org.openqa.selenium.remote.ErrorHandler.createThrowable(ErrorHandler.java:214)&#13;&#10;&#9;at org.openqa.selenium.remote.ErrorHandler.throwIfResponseFailed(ErrorHandler.java:166)&#13;&#10;&#9;at org.openqa.selenium.remote.http.JsonHttpResponseCodec.reconstructValue(JsonHttpResponseCodec.java:40)&#13;&#10;&#9;at org.openqa.selenium.remote.http.AbstractHttpResponseCodec.decode(AbstractHttpResponseCodec.java:80)&#13;&#10;&#9;at org.openqa.selenium.remote.http.AbstractHttpResponseCodec.decode(AbstractHttpResponseCodec.java:44)&#13;&#10;&#9;at org.openqa.selenium.remote.HttpCommandExecutor.execute(HttpCommandExecutor.java:164)&#13;&#10;&#9;at org.openqa.selenium.remote.service.DriverCommandExecutor.execute(DriverCommandExecutor.java:83)&#13;&#10;&#9;at org.openqa.selenium.remote.RemoteWebDriver.execute(RemoteWebDriver.java:601)&#13;&#10;&#9;at org.openqa.selenium.remote.RemoteWebDriver.findElement(RemoteWebDriver.java:371)&#13;&#10;&#9;at org.openqa.selenium.remote.RemoteWebDriver.findElementByXPath(RemoteWebDriver.java:473)&#13;&#10;&#9;at org.openqa.selenium.By$ByXPath.findElement(By.java:361)&#13;&#10;&#9;at org.openqa.selenium.remote.RemoteWebDriver.findElement(RemoteWebDriver.java:363)&#13;&#10;&#9;at com.saksfifthave.qa.framework.utils.pageObjectModel.ShoppingCartPage.customerClickAddToBag(ShoppingCartPage.java:30)&#13;&#10;&#9;at com.saksfifthave.qa.framework.utils.steps.IteamChoosePage.user_click_on_add_to_bag(IteamChoosePage.java:47)&#13;&#10;&#9;at ✽.Then user click on add to bag(src/test/resources/features/ShoppingCartFunctionality.feature:18)&#13;&#10;"><![CDATA[Given Not a validated user..................................................passed
When user borwse to the site................................................passed
Then saksfifthavenue home page display......................................passed
And user close pop up.......................................................passed
When User click Sign In link................................................passed
Then Browser display Sign In page...........................................passed
When User enter user email as "shoyel1516@gmail.com"........................passed
And User enter user password as "Aasim0619!"................................passed
And user click SIGN IN button...............................................passed
Then user select activewear from Men Menu...................................passed
Then user choose lacoste....................................................passed
And user choose small size..................................................passed
Then user click on add to bag...............................................failed

StackTrace:
org.openqa.selenium.NoSuchElementException: no such element: Unable to locate element: {"method":"xpath","selector":"//button[@data-reactid='64']"}
  (Session info: chrome=65.0.3325.181)
  (Driver info: chromedriver=2.37.543627 (63642262d9fb93fb4ab52398be4286d844092a5e),platform=Windows NT 6.1.7601 SP1 x86_64) (WARNING: The server did not provide any stacktrace information)
Command duration or timeout: 0 milliseconds
For documentation on this error, please visit: http://seleniumhq.org/exceptions/no_such_element.html
Build info: version: '3.8.1', revision: '6e95a6684b', time: '2017-12-01T18:33:54.468Z'
System info: host: 'SHIFT-PC01', ip: '192.168.1.9', os.name: 'Windows 7', os.arch: 'amd64', os.version: '6.1', java.version: '1.8.0_131'
Driver info: org.openqa.selenium.chrome.ChromeDriver
Capabilities {acceptInsecureCerts: false, acceptSslCerts: false, applicationCacheEnabled: false, browserConnectionEnabled: false, browserName: chrome, chrome: {chromedriverVersion: 2.37.543627 (63642262d9fb93..., userDataDir: C:\Users\SHIFTS~1\AppData\L...}, cssSelectorsEnabled: true, databaseEnabled: false, handlesAlerts: true, hasTouchScreen: false, javascriptEnabled: true, locationContextEnabled: true, mobileEmulationEnabled: false, nativeEvents: true, networkConnectionEnabled: false, pageLoadStrategy: normal, platform: XP, platformName: XP, rotatable: false, setWindowRect: true, takesHeapSnapshot: true, takesScreenshot: true, unexpectedAlertBehaviour: , unhandledPromptBehavior: , version: 65.0.3325.181, webStorageEnabled: true}
Session ID: 036e4c47d0a7ae3bb9a795dc944ff80b
*** Element info: {Using=xpath, value=//button[@data-reactid='64']}
	at sun.reflect.NativeConstructorAccessorImpl.newInstance0(Native Method)
	at sun.reflect.NativeConstructorAccessorImpl.newInstance(NativeConstructorAccessorImpl.java:62)
	at sun.reflect.DelegatingConstructorAccessorImpl.newInstance(DelegatingConstructorAccessorImpl.java:45)
	at java.lang.reflect.Constructor.newInstance(Constructor.java:423)
	at org.openqa.selenium.remote.ErrorHandler.createThrowable(ErrorHandler.java:214)
	at org.openqa.selenium.remote.ErrorHandler.throwIfResponseFailed(ErrorHandler.java:166)
	at org.openqa.selenium.remote.http.JsonHttpResponseCodec.reconstructValue(JsonHttpResponseCodec.java:40)
	at org.openqa.selenium.remote.http.AbstractHttpResponseCodec.decode(AbstractHttpResponseCodec.java:80)
	at org.openqa.selenium.remote.http.AbstractHttpResponseCodec.decode(AbstractHttpResponseCodec.java:44)
	at org.openqa.selenium.remote.HttpCommandExecutor.execute(HttpCommandExecutor.java:164)
	at org.openqa.selenium.remote.service.DriverCommandExecutor.execute(DriverCommandExecutor.java:83)
	at org.openqa.selenium.remote.RemoteWebDriver.execute(RemoteWebDriver.java:601)
	at org.openqa.selenium.remote.RemoteWebDriver.findElement(RemoteWebDriver.java:371)
	at org.openqa.selenium.remote.RemoteWebDriver.findElementByXPath(RemoteWebDriver.java:473)
	at org.openqa.selenium.By$ByXPath.findElement(By.java:361)
	at org.openqa.selenium.remote.RemoteWebDriver.findElement(RemoteWebDriver.java:363)
	at com.saksfifthave.qa.framework.utils.pageObjectModel.ShoppingCartPage.customerClickAddToBag(ShoppingCartPage.java:30)
	at com.saksfifthave.qa.framework.utils.steps.IteamChoosePage.user_click_on_add_to_bag(IteamChoosePage.java:47)
	at ✽.Then user click on add to bag(src/test/resources/features/ShoppingCartFunctionality.feature:18)
]]></failure>
</testcase>
<testcase classname="Saksfifthavenue shoppingCart Functionality" name="2. Adding product to the cart" time="39.926881">
<failure message="org.openqa.selenium.NoSuchElementException: no such element: Unable to locate element: {&quot;method&quot;:&quot;xpath&quot;,&quot;selector&quot;:&quot;//button[@data-reactid='64']&quot;}&#10;  (Session info: chrome=65.0.3325.181)&#10;  (Driver info: chromedriver=2.37.543627 (63642262d9fb93fb4ab52398be4286d844092a5e),platform=Windows NT 6.1.7601 SP1 x86_64) (WARNING: The server did not provide any stacktrace information)&#10;Command duration or timeout: 0 milliseconds&#10;For documentation on this error, please visit: http://seleniumhq.org/exceptions/no_such_element.html&#10;Build info: version: '3.8.1', revision: '6e95a6684b', time: '2017-12-01T18:33:54.468Z'&#10;System info: host: 'SHIFT-PC01', ip: '192.168.1.9', os.name: 'Windows 7', os.arch: 'amd64', os.version: '6.1', java.version: '1.8.0_131'&#10;Driver info: org.openqa.selenium.chrome.ChromeDriver&#10;Capabilities {acceptInsecureCerts: false, acceptSslCerts: false, applicationCacheEnabled: false, browserConnectionEnabled: false, browserName: chrome, chrome: {chromedriverVersion: 2.37.543627 (63642262d9fb93..., userDataDir: C:\Users\SHIFTS~1\AppData\L...}, cssSelectorsEnabled: true, databaseEnabled: false, handlesAlerts: true, hasTouchScreen: false, javascriptEnabled: true, locationContextEnabled: true, mobileEmulationEnabled: false, nativeEvents: true, networkConnectionEnabled: false, pageLoadStrategy: normal, platform: XP, platformName: XP, rotatable: false, setWindowRect: true, takesHeapSnapshot: true, takesScreenshot: true, unexpectedAlertBehaviour: , unhandledPromptBehavior: , version: 65.0.3325.181, webStorageEnabled: true}&#10;Session ID: 47a1c4cd7e932bb40d404570a51d88ac&#10;*** Element info: {Using=xpath, value=//button[@data-reactid='64']}&#13;&#10;&#9;at sun.reflect.NativeConstructorAccessorImpl.newInstance0(Native Method)&#13;&#10;&#9;at sun.reflect.NativeConstructorAccessorImpl.newInstance(NativeConstructorAccessorImpl.java:62)&#13;&#10;&#9;at sun.reflect.DelegatingConstructorAccessorImpl.newInstance(DelegatingConstructorAccessorImpl.java:45)&#13;&#10;&#9;at java.lang.reflect.Constructor.newInstance(Constructor.java:423)&#13;&#10;&#9;at org.openqa.selenium.remote.ErrorHandler.createThrowable(ErrorHandler.java:214)&#13;&#10;&#9;at org.openqa.selenium.remote.ErrorHandler.throwIfResponseFailed(ErrorHandler.java:166)&#13;&#10;&#9;at org.openqa.selenium.remote.http.JsonHttpResponseCodec.reconstructValue(JsonHttpResponseCodec.java:40)&#13;&#10;&#9;at org.openqa.selenium.remote.http.AbstractHttpResponseCodec.decode(AbstractHttpResponseCodec.java:80)&#13;&#10;&#9;at org.openqa.selenium.remote.http.AbstractHttpResponseCodec.decode(AbstractHttpResponseCodec.java:44)&#13;&#10;&#9;at org.openqa.selenium.remote.HttpCommandExecutor.execute(HttpCommandExecutor.java:164)&#13;&#10;&#9;at org.openqa.selenium.remote.service.DriverCommandExecutor.execute(DriverCommandExecutor.java:83)&#13;&#10;&#9;at org.openqa.selenium.remote.RemoteWebDriver.execute(RemoteWebDriver.java:601)&#13;&#10;&#9;at org.openqa.selenium.remote.RemoteWebDriver.findElement(RemoteWebDriver.java:371)&#13;&#10;&#9;at org.openqa.selenium.remote.RemoteWebDriver.findElementByXPath(RemoteWebDriver.java:473)&#13;&#10;&#9;at org.openqa.selenium.By$ByXPath.findElement(By.java:361)&#13;&#10;&#9;at org.openqa.selenium.remote.RemoteWebDriver.findElement(RemoteWebDriver.java:363)&#13;&#10;&#9;at com.saksfifthave.qa.framework.utils.pageObjectModel.ShoppingCartPage.customerClickAddToBag(ShoppingCartPage.java:30)&#13;&#10;&#9;at com.saksfifthave.qa.framework.utils.steps.IteamChoosePage.user_click_on_add_to_bag(IteamChoosePage.java:47)&#13;&#10;&#9;at ✽.Then user click on add to bag(src/test/resources/features/ShoppingCartFunctionality.feature:29)&#13;&#10;"><![CDATA[Given Not a validated user..................................................passed
When user borwse to the site................................................passed
Then saksfifthavenue home page display......................................passed
And user close pop up.......................................................passed
When User click Sign In link................................................passed
Then Browser display Sign In page...........................................passed
When User enter user email as "shoyel1516@gmail.com"........................passed
And User enter user password as "Aasim0619!"................................passed
And user click SIGN IN button...............................................passed
Then user select activewear from Men Menu...................................passed
Then user choose lacoste....................................................passed
And user choose small size..................................................passed
Then user click on add to bag...............................................failed
Then verify that user is in checkout page...................................skipped
Then user should click on checkout..........................................skipped
When Verify whether user are able to add items to cart......................skipped
Then check for edit delet or save option....................................skipped
Then shopping cart should contain price of the product......................skipped

StackTrace:
org.openqa.selenium.NoSuchElementException: no such element: Unable to locate element: {"method":"xpath","selector":"//button[@data-reactid='64']"}
  (Session info: chrome=65.0.3325.181)
  (Driver info: chromedriver=2.37.543627 (63642262d9fb93fb4ab52398be4286d844092a5e),platform=Windows NT 6.1.7601 SP1 x86_64) (WARNING: The server did not provide any stacktrace information)
Command duration or timeout: 0 milliseconds
For documentation on this error, please visit: http://seleniumhq.org/exceptions/no_such_element.html
Build info: version: '3.8.1', revision: '6e95a6684b', time: '2017-12-01T18:33:54.468Z'
System info: host: 'SHIFT-PC01', ip: '192.168.1.9', os.name: 'Windows 7', os.arch: 'amd64', os.version: '6.1', java.version: '1.8.0_131'
Driver info: org.openqa.selenium.chrome.ChromeDriver
Capabilities {acceptInsecureCerts: false, acceptSslCerts: false, applicationCacheEnabled: false, browserConnectionEnabled: false, browserName: chrome, chrome: {chromedriverVersion: 2.37.543627 (63642262d9fb93..., userDataDir: C:\Users\SHIFTS~1\AppData\L...}, cssSelectorsEnabled: true, databaseEnabled: false, handlesAlerts: true, hasTouchScreen: false, javascriptEnabled: true, locationContextEnabled: true, mobileEmulationEnabled: false, nativeEvents: true, networkConnectionEnabled: false, pageLoadStrategy: normal, platform: XP, platformName: XP, rotatable: false, setWindowRect: true, takesHeapSnapshot: true, takesScreenshot: true, unexpectedAlertBehaviour: , unhandledPromptBehavior: , version: 65.0.3325.181, webStorageEnabled: true}
Session ID: 47a1c4cd7e932bb40d404570a51d88ac
*** Element info: {Using=xpath, value=//button[@data-reactid='64']}
	at sun.reflect.NativeConstructorAccessorImpl.newInstance0(Native Method)
	at sun.reflect.NativeConstructorAccessorImpl.newInstance(NativeConstructorAccessorImpl.java:62)
	at sun.reflect.DelegatingConstructorAccessorImpl.newInstance(DelegatingConstructorAccessorImpl.java:45)
	at java.lang.reflect.Constructor.newInstance(Constructor.java:423)
	at org.openqa.selenium.remote.ErrorHandler.createThrowable(ErrorHandler.java:214)
	at org.openqa.selenium.remote.ErrorHandler.throwIfResponseFailed(ErrorHandler.java:166)
	at org.openqa.selenium.remote.http.JsonHttpResponseCodec.reconstructValue(JsonHttpResponseCodec.java:40)
	at org.openqa.selenium.remote.http.AbstractHttpResponseCodec.decode(AbstractHttpResponseCodec.java:80)
	at org.openqa.selenium.remote.http.AbstractHttpResponseCodec.decode(AbstractHttpResponseCodec.java:44)
	at org.openqa.selenium.remote.HttpCommandExecutor.execute(HttpCommandExecutor.java:164)
	at org.openqa.selenium.remote.service.DriverCommandExecutor.execute(DriverCommandExecutor.java:83)
	at org.openqa.selenium.remote.RemoteWebDriver.execute(RemoteWebDriver.java:601)
	at org.openqa.selenium.remote.RemoteWebDriver.findElement(RemoteWebDriver.java:371)
	at org.openqa.selenium.remote.RemoteWebDriver.findElementByXPath(RemoteWebDriver.java:473)
	at org.openqa.selenium.By$ByXPath.findElement(By.java:361)
	at org.openqa.selenium.remote.RemoteWebDriver.findElement(RemoteWebDriver.java:363)
	at com.saksfifthave.qa.framework.utils.pageObjectModel.ShoppingCartPage.customerClickAddToBag(ShoppingCartPage.java:30)
	at com.saksfifthave.qa.framework.utils.steps.IteamChoosePage.user_click_on_add_to_bag(IteamChoosePage.java:47)
	at ✽.Then user click on add to bag(src/test/resources/features/ShoppingCartFunctionality.feature:29)
]]></failure>
</testcase>
</testsuite>
